[1704882320.908][INFO]: Starting ChromeDriver 120.0.6099.109 (3419140ab665596f21b385ce136419fde0924272-refs/branch-heads/6099@{#1483}) on port 7415
[1704882320.908][INFO]: Please see https://chromedriver.chromium.org/security-considerations for suggestions on keeping ChromeDriver safe.
[1704882321.060][INFO]: [de7100d832a5888d2a253ef98600a4a5] COMMAND InitSession {
   "capabilities": {
      "firstMatch": [ {
         "browserName": "chrome",
         "goog:chromeOptions": {
            "args": [  ],
            "extensions": [  ]
         },
         "goog:loggingPrefs": {
            "browser": "ALL",
            "driver": "ALL"
         }
      } ]
   }
}
[1704882321.060][INFO]: Browser search. Trying... C:\Users\TAHSEEN\.cache\selenium\chromedriver\win64\120.0.6099.109\chrome.exe
[1704882321.060][INFO]: Browser search. Trying... C:\Users\TAHSEEN\.cache\selenium\chromedriver\win64\120.0.6099.109\chrome.exe
[1704882321.061][INFO]: Browser search. Trying... C:\Users\TAHSEEN\.cache\selenium\chromedriver\win64\120.0.6099.109\chromium.exe
[1704882321.062][INFO]: Browser search. Trying... C:\Users\TAHSEEN\AppData\Local\Google\Chrome\Application\chrome.exe
[1704882321.062][INFO]: Browser search. Trying... C:\Program Files\Google\Chrome\Application\chrome.exe
[1704882321.062][INFO]: Browser search. Found at  C:\Program Files\Google\Chrome\Application\chrome.exe
[1704882321.063][INFO]: Populating Preferences file: {
   "alternate_error_pages": {
      "enabled": false
   },
   "autofill": {
      "enabled": false
   },
   "browser": {
      "check_default_browser": false
   },
   "distribution": {
      "import_bookmarks": false,
      "import_history": false,
      "import_search_engine": false,
      "make_chrome_default_for_user": false,
      "skip_first_run_ui": true
   },
   "dns_prefetching": {
      "enabled": false
   },
   "profile": {
      "content_settings": {
         "pattern_pairs": {
            "https://*,*": {
               "media-stream": {
                  "audio": "Default",
                  "video": "Default"
               }
            }
         }
      },
      "default_content_setting_values": {
         "geolocation": 1
      },
      "default_content_settings": {
         "geolocation": 1,
         "mouselock": 1,
         "notifications": 1,
         "popups": 1,
         "ppapi-broker": 1
      },
      "password_manager_enabled": false
   },
   "safebrowsing": {
      "enabled": false
   },
   "search": {
      "suggest_enabled": false
   },
   "translate": {
      "enabled": false
   }
}
[1704882321.064][INFO]: Populating Local State file: {
   "background_mode": {
      "enabled": false
   },
   "ssl": {
      "rev_checking": {
         "enabled": false
      }
   }
}
[1704882321.065][INFO]: ChromeDriver supports communication with Chrome via pipes. This is more reliable and more secure.
[1704882321.065][INFO]: Use the --remote-debugging-pipe Chrome switch instead of the default --remote-debugging-port to enable this communication mode.
[1704882321.065][INFO]: Launching chrome: "C:\Program Files\Google\Chrome\Application\chrome.exe" --allow-pre-commit-input --disable-background-networking --disable-backgrounding-occluded-windows --disable-client-side-phishing-detection --disable-default-apps --disable-hang-monitor --disable-popup-blocking --disable-prompt-on-repost --disable-sync --enable-automation --enable-logging --log-level=0 --no-first-run --no-service-autorun --password-store=basic --remote-debugging-port=0 --test-type=webdriver --use-mock-keychain --user-data-dir="C:\Users\TAHSEEN\AppData\Local\Temp\scoped_dir24592_1211259288" data:,
[1704882321.581][INFO]: resolved localhost to ["::1","127.0.0.1"]
[1704882321.584][INFO]: [de7100d832a5888d2a253ef98600a4a5] RESPONSE InitSession {
   "capabilities": {
      "acceptInsecureCerts": false,
      "browserName": "chrome",
      "browserVersion": "120.0.6099.201",
      "chrome": {
         "chromedriverVersion": "120.0.6099.109 (3419140ab665596f21b385ce136419fde0924272-refs/branch-heads/6099@{#1483})",
         "userDataDir": "C:\\Users\\TAHSEEN\\AppData\\Local\\Temp\\scoped_dir24592_1211259288"
      },
      "fedcm:accounts": true,
      "goog:chromeOptions": {
         "debuggerAddress": "localhost:57210"
      },
      "networkConnectionEnabled": false,
      "pageLoadStrategy": "normal",
      "platformName": "windows",
      "proxy": {
      },
      "setWindowRect": true,
      "strictFileInteractability": false,
      "timeouts": {
         "implicit": 0,
         "pageLoad": 300000,
         "script": 30000
      },
      "unhandledPromptBehavior": "dismiss and notify",
      "webauthn:extension:credBlob": true,
      "webauthn:extension:largeBlob": true,
      "webauthn:extension:minPinLength": true,
      "webauthn:extension:prf": true,
      "webauthn:virtualAuthenticators": true
   },
   "sessionId": "de7100d832a5888d2a253ef98600a4a5"
}
[1704882321.678][INFO]: [de7100d832a5888d2a253ef98600a4a5] COMMAND MaximizeWindow {
}
[1704882321.678][INFO]: Waiting for pending navigations...
[1704882321.680][INFO]: Done waiting for pending navigations. Status: ok
[1704882321.787][INFO]: Waiting for pending navigations...
[1704882321.787][INFO]: Done waiting for pending navigations. Status: ok
[1704882321.787][INFO]: [de7100d832a5888d2a253ef98600a4a5] RESPONSE MaximizeWindow {
   "height": 818,
   "width": 1496,
   "x": -6,
   "y": -6
}
[1704882321.794][INFO]: [de7100d832a5888d2a253ef98600a4a5] COMMAND SetTimeouts {
   "implicit": 30000
}
[1704882321.794][INFO]: [de7100d832a5888d2a253ef98600a4a5] RESPONSE SetTimeouts
[1704882321.796][INFO]: [de7100d832a5888d2a253ef98600a4a5] COMMAND Navigate {
   "url": "https://leetcode.com/ "
}
[1704882321.796][INFO]: Waiting for pending navigations...
[1704882321.796][INFO]: Done waiting for pending navigations. Status: ok
[1704882322.671][INFO]: Waiting for pending navigations...
[1704882325.957][INFO]: Done waiting for pending navigations. Status: ok
[1704882325.957][INFO]: [de7100d832a5888d2a253ef98600a4a5] RESPONSE Navigate
[1704882325.960][INFO]: [de7100d832a5888d2a253ef98600a4a5] COMMAND GetUrl {
}
[1704882325.960][INFO]: Waiting for pending navigations...
[1704882325.960][INFO]: Done waiting for pending navigations. Status: ok
[1704882325.962][INFO]: Waiting for pending navigations...
[1704882325.962][INFO]: Done waiting for pending navigations. Status: ok
[1704882325.962][INFO]: [de7100d832a5888d2a253ef98600a4a5] RESPONSE GetUrl "https://leetcode.com/"
[1704882325.965][INFO]: [de7100d832a5888d2a253ef98600a4a5] COMMAND FindElement {
   "using": "xpath",
   "value": "//span[text()='Sign in']"
}
[1704882325.965][INFO]: Waiting for pending navigations...
[1704882325.965][INFO]: Done waiting for pending navigations. Status: ok
[1704882325.974][INFO]: Waiting for pending navigations...
[1704882325.974][INFO]: Done waiting for pending navigations. Status: ok
[1704882325.974][INFO]: [de7100d832a5888d2a253ef98600a4a5] RESPONSE FindElement {
   "element-6066-11e4-a52e-4f735466cecf": "38867A714CE453D37C1E54C0D2A44AF6_element_17"
}
[1704882325.978][INFO]: [de7100d832a5888d2a253ef98600a4a5] COMMAND ClickElement {
   "id": "38867A714CE453D37C1E54C0D2A44AF6_element_17"
}
[1704882325.978][INFO]: Waiting for pending navigations...
[1704882325.979][INFO]: Done waiting for pending navigations. Status: ok
[1704882326.012][INFO]: Waiting for pending navigations...
[1704882327.376][INFO]: Done waiting for pending navigations. Status: ok
[1704882327.376][INFO]: [de7100d832a5888d2a253ef98600a4a5] RESPONSE ClickElement
[1704882332.388][INFO]: [de7100d832a5888d2a253ef98600a4a5] COMMAND FindElement {
   "using": "css selector",
   "value": "#id_login"
}
[1704882332.388][INFO]: Waiting for pending navigations...
[1704882332.389][INFO]: Done waiting for pending navigations. Status: ok
[1704882332.395][INFO]: Waiting for pending navigations...
[1704882332.395][INFO]: Done waiting for pending navigations. Status: ok
[1704882332.395][INFO]: [de7100d832a5888d2a253ef98600a4a5] RESPONSE FindElement {
   "element-6066-11e4-a52e-4f735466cecf": "82329232002FDE073B60C97A7FBCD3D9_element_29"
}
[1704882332.398][INFO]: [de7100d832a5888d2a253ef98600a4a5] COMMAND ClickElement {
   "id": "82329232002FDE073B60C97A7FBCD3D9_element_29"
}
[1704882332.398][INFO]: Waiting for pending navigations...
[1704882332.398][INFO]: Done waiting for pending navigations. Status: ok
[1704882332.425][INFO]: Waiting for pending navigations...
[1704882332.426][INFO]: Done waiting for pending navigations. Status: ok
[1704882332.426][INFO]: [de7100d832a5888d2a253ef98600a4a5] RESPONSE ClickElement
[1704882332.430][INFO]: [de7100d832a5888d2a253ef98600a4a5] COMMAND TypeElement {
   "id": "82329232002FDE073B60C97A7FBCD3D9_element_29",
   "text": "Tahseen123",
   "value": [ "T", "a", "h", "s", "e", "e", "n", "1", "2", "3" ]
}
[1704882332.430][INFO]: Waiting for pending navigations...
[1704882332.431][INFO]: Done waiting for pending navigations. Status: ok
[1704882332.457][INFO]: Waiting for pending navigations...
[1704882332.459][INFO]: Done waiting for pending navigations. Status: ok
[1704882332.459][INFO]: [de7100d832a5888d2a253ef98600a4a5] RESPONSE TypeElement
[1704882332.466][INFO]: [de7100d832a5888d2a253ef98600a4a5] COMMAND FindElement {
   "using": "css selector",
   "value": "#id_password"
}
[1704882332.466][INFO]: Waiting for pending navigations...
[1704882332.466][INFO]: Done waiting for pending navigations. Status: ok
[1704882332.472][INFO]: Waiting for pending navigations...
[1704882332.473][INFO]: Done waiting for pending navigations. Status: ok
[1704882332.473][INFO]: [de7100d832a5888d2a253ef98600a4a5] RESPONSE FindElement {
   "element-6066-11e4-a52e-4f735466cecf": "82329232002FDE073B60C97A7FBCD3D9_element_22"
}
[1704882332.476][INFO]: [de7100d832a5888d2a253ef98600a4a5] COMMAND ClickElement {
   "id": "82329232002FDE073B60C97A7FBCD3D9_element_22"
}
[1704882332.476][INFO]: Waiting for pending navigations...
[1704882332.476][INFO]: Done waiting for pending navigations. Status: ok
[1704882332.500][INFO]: Waiting for pending navigations...
[1704882332.500][INFO]: Done waiting for pending navigations. Status: ok
[1704882332.500][INFO]: [de7100d832a5888d2a253ef98600a4a5] RESPONSE ClickElement
[1704882332.503][INFO]: [de7100d832a5888d2a253ef98600a4a5] COMMAND TypeElement {
   "id": "82329232002FDE073B60C97A7FBCD3D9_element_22",
   "text": "Bismillah@123",
   "value": [ "B", "i", "s", "m", "i", "l", "l", "a", "h", "@", "1", "2", "3" ]
}
[1704882332.503][INFO]: Waiting for pending navigations...
[1704882332.503][INFO]: Done waiting for pending navigations. Status: ok
[1704882332.527][INFO]: Waiting for pending navigations...
[1704882332.529][INFO]: Done waiting for pending navigations. Status: ok
[1704882332.530][INFO]: [de7100d832a5888d2a253ef98600a4a5] RESPONSE TypeElement
[1704882332.532][INFO]: [de7100d832a5888d2a253ef98600a4a5] COMMAND FindElement {
   "using": "xpath",
   "value": "//button[@id='signin_btn']"
}
[1704882332.532][INFO]: Waiting for pending navigations...
[1704882332.533][INFO]: Done waiting for pending navigations. Status: ok
[1704882332.540][INFO]: Waiting for pending navigations...
[1704882332.540][INFO]: Done waiting for pending navigations. Status: ok
[1704882332.540][INFO]: [de7100d832a5888d2a253ef98600a4a5] RESPONSE FindElement {
   "element-6066-11e4-a52e-4f735466cecf": "82329232002FDE073B60C97A7FBCD3D9_element_27"
}
[1704882332.543][INFO]: [de7100d832a5888d2a253ef98600a4a5] COMMAND ClickElement {
   "id": "82329232002FDE073B60C97A7FBCD3D9_element_27"
}
[1704882332.543][INFO]: Waiting for pending navigations...
[1704882332.543][INFO]: Done waiting for pending navigations. Status: ok
[1704882332.567][INFO]: Waiting for pending navigations...
[1704882332.569][INFO]: Done waiting for pending navigations. Status: ok
[1704882332.569][INFO]: [de7100d832a5888d2a253ef98600a4a5] RESPONSE ClickElement
[1704882337.576][INFO]: [de7100d832a5888d2a253ef98600a4a5] COMMAND FindElement {
   "using": "xpath",
   "value": "//a[@href='/problemset/all/']"
}
[1704882337.576][INFO]: Waiting for pending navigations...
[1704882337.578][INFO]: Done waiting for pending navigations. Status: ok
[1704882337.584][INFO]: Waiting for pending navigations...
[1704882337.584][INFO]: Done waiting for pending navigations. Status: ok
[1704882337.584][INFO]: [de7100d832a5888d2a253ef98600a4a5] RESPONSE FindElement {
   "element-6066-11e4-a52e-4f735466cecf": "36BFF12FB9D79C2B383C6C9AD5943522_element_96"
}
[1704882337.587][INFO]: [de7100d832a5888d2a253ef98600a4a5] COMMAND ClickElement {
   "id": "36BFF12FB9D79C2B383C6C9AD5943522_element_96"
}
[1704882337.587][INFO]: Waiting for pending navigations...
[1704882337.587][INFO]: Done waiting for pending navigations. Status: ok
[1704882337.668][INFO]: Waiting for pending navigations...
[1704882339.986][INFO]: Done waiting for pending navigations. Status: ok
[1704882339.986][INFO]: [de7100d832a5888d2a253ef98600a4a5] RESPONSE ClickElement
[1704882344.990][INFO]: [de7100d832a5888d2a253ef98600a4a5] COMMAND GetUrl {
}
[1704882344.990][INFO]: Waiting for pending navigations...
[1704882344.991][INFO]: Done waiting for pending navigations. Status: ok
[1704882344.993][INFO]: Waiting for pending navigations...
[1704882344.993][INFO]: Done waiting for pending navigations. Status: ok
[1704882344.993][INFO]: [de7100d832a5888d2a253ef98600a4a5] RESPONSE GetUrl "https://leetcode.com/problemset/"
[1704882344.996][INFO]: [de7100d832a5888d2a253ef98600a4a5] COMMAND FindElements {
   "using": "xpath",
   "value": "//a[@class='h-5 hover:text-blue-s dark:hover:text-dark-blue-s']"
}
[1704882344.997][INFO]: Waiting for pending navigations...
[1704882344.997][INFO]: Done waiting for pending navigations. Status: ok
[1704882345.006][INFO]: Waiting for pending navigations...
[1704882345.006][INFO]: Done waiting for pending navigations. Status: ok
[1704882345.006][INFO]: [de7100d832a5888d2a253ef98600a4a5] RESPONSE FindElements [ {
   "element-6066-11e4-a52e-4f735466cecf": "A42FA00A837F4EF1A2216FD32AB30CB2_element_125"
}, {
   "element-6066-11e4-a52e-4f735466cecf": "A42FA00A837F4EF1A2216FD32AB30CB2_element_126"
}, {
   "element-6066-11e4-a52e-4f735466cecf": "A42FA00A837F4EF1A2216FD32AB30CB2_element_127"
}, {
   "element-6066-11e4-a52e-4f735466cecf": "A42FA00A837F4EF1A2216FD32AB30CB2_element_128"
}, {
   "element-6066-11e4-a52e-4f735466cecf": "A42FA00A837F4EF1A2216FD32AB30CB2_element_129"
}, {
   "element-6066-11e4-a52e-4f735466cecf": "A42FA00A837F4EF1A2216FD32AB30CB2_element_130"
}, {
   "element-6066-11e4-a52e-4f735466cecf": "A42FA00A837F4EF1A2216FD32AB30CB2_element_131"
}, {
   "element-6066-11e4-a52e-4f735466cecf": "A42FA00A837F4EF1A2216FD32AB30CB2_element_132"
}, {
   "element-6066-11e4-a52e-4f735466cecf": "A42FA00A837F4EF1A2216FD32AB30CB2_element_133"
}, {
   "element-6066-11e4-a52e-4f735466cecf": "A42FA00A837F4EF1A2216FD32AB30CB2_element_134"
}, {
   "element-6066-11e4-a52e-4f735466cecf": "A42FA00A837F4EF1A2216FD32AB30CB2_element_135"
}, {
   "element-6066-11e4-a52e-4f735466cecf": "A42FA00A837F4EF1A2216FD32AB30CB2_element_136"
}, {
   "element-6066-11e4-a52e-4f735466cecf": "A42FA00A837F4EF1A2216FD32AB30CB2_element_137"
}, {
   "element-6066-11e4-a52e-4f735466cecf": "A42FA00A837F4EF1A2216FD32AB30CB2_element_138"
}, {
   "element-6066-11e4-a52e-4f735466cecf": "A42FA00A837F4EF1A2216FD32AB30CB2_element_139"
}, {
   "element-6066-11e4-a52e-4f735466cecf": "A42FA00A837F4EF1A2216FD32AB30CB2_element_140"
}, {
   "element-6066-11e4-a52e-4f735466cecf": "A42FA00A837F4EF1A2216FD32AB30CB2_element_141"
}, {
   "element-6066-11e4-a52e-4f735466cecf": "A42FA00A837F4EF1A2216FD32AB30CB2_element_142"
}, {
   "element-6066-11e4-a52e-4f735466cecf": "A42FA00A837F4EF1A2216FD32AB30CB2_element_143"
}, "..." ]
[1704882345.012][INFO]: [de7100d832a5888d2a253ef98600a4a5] COMMAND GetElementText {
   "id": "A42FA00A837F4EF1A2216FD32AB30CB2_element_126"
}
[1704882345.012][INFO]: Waiting for pending navigations...
[1704882345.012][INFO]: Done waiting for pending navigations. Status: ok
[1704882345.019][INFO]: Waiting for pending navigations...
[1704882345.019][INFO]: Done waiting for pending navigations. Status: ok
[1704882345.019][INFO]: [de7100d832a5888d2a253ef98600a4a5] RESPONSE GetElementText "1. Two Sum"
[1704882345.021][INFO]: [de7100d832a5888d2a253ef98600a4a5] COMMAND GetElementText {
   "id": "A42FA00A837F4EF1A2216FD32AB30CB2_element_127"
}
[1704882345.021][INFO]: Waiting for pending navigations...
[1704882345.021][INFO]: Done waiting for pending navigations. Status: ok
[1704882345.024][INFO]: Waiting for pending navigations...
[1704882345.025][INFO]: Done waiting for pending navigations. Status: ok
[1704882345.025][INFO]: [de7100d832a5888d2a253ef98600a4a5] RESPONSE GetElementText "2. Add Two Numbers"
[1704882345.026][INFO]: [de7100d832a5888d2a253ef98600a4a5] COMMAND GetElementText {
   "id": "A42FA00A837F4EF1A2216FD32AB30CB2_element_128"
}
[1704882345.026][INFO]: Waiting for pending navigations...
[1704882345.026][INFO]: Done waiting for pending navigations. Status: ok
[1704882345.031][INFO]: Waiting for pending navigations...
[1704882345.031][INFO]: Done waiting for pending navigations. Status: ok
[1704882345.031][INFO]: [de7100d832a5888d2a253ef98600a4a5] RESPONSE GetElementText "3. Longest Substring Without Repeating Characters"
[1704882345.032][INFO]: [de7100d832a5888d2a253ef98600a4a5] COMMAND GetElementText {
   "id": "A42FA00A837F4EF1A2216FD32AB30CB2_element_129"
}
[1704882345.032][INFO]: Waiting for pending navigations...
[1704882345.033][INFO]: Done waiting for pending navigations. Status: ok
[1704882345.036][INFO]: Waiting for pending navigations...
[1704882345.037][INFO]: Done waiting for pending navigations. Status: ok
[1704882345.037][INFO]: [de7100d832a5888d2a253ef98600a4a5] RESPONSE GetElementText "4. Median of Two Sorted Arrays"
[1704882345.039][INFO]: [de7100d832a5888d2a253ef98600a4a5] COMMAND GetElementText {
   "id": "A42FA00A837F4EF1A2216FD32AB30CB2_element_130"
}
[1704882345.039][INFO]: Waiting for pending navigations...
[1704882345.039][INFO]: Done waiting for pending navigations. Status: ok
[1704882345.042][INFO]: Waiting for pending navigations...
[1704882345.043][INFO]: Done waiting for pending navigations. Status: ok
[1704882345.043][INFO]: [de7100d832a5888d2a253ef98600a4a5] RESPONSE GetElementText "5. Longest Palindromic Substring"
[1704882345.044][INFO]: [de7100d832a5888d2a253ef98600a4a5] COMMAND FindElement {
   "using": "xpath",
   "value": "//a[@href='/problems/two-sum']"
}
[1704882345.044][INFO]: Waiting for pending navigations...
[1704882345.045][INFO]: Done waiting for pending navigations. Status: ok
[1704882345.051][INFO]: Waiting for pending navigations...
[1704882345.051][INFO]: Done waiting for pending navigations. Status: ok
[1704882345.051][INFO]: [de7100d832a5888d2a253ef98600a4a5] RESPONSE FindElement {
   "element-6066-11e4-a52e-4f735466cecf": "A42FA00A837F4EF1A2216FD32AB30CB2_element_126"
}
[1704882345.053][INFO]: [de7100d832a5888d2a253ef98600a4a5] COMMAND ClickElement {
   "id": "A42FA00A837F4EF1A2216FD32AB30CB2_element_126"
}
[1704882345.053][INFO]: Waiting for pending navigations...
[1704882345.054][INFO]: Done waiting for pending navigations. Status: ok
[1704882345.131][INFO]: Waiting for pending navigations...
[1704882346.686][INFO]: Done waiting for pending navigations. Status: ok
[1704882346.686][INFO]: [de7100d832a5888d2a253ef98600a4a5] RESPONSE ClickElement
[1704882351.695][INFO]: [de7100d832a5888d2a253ef98600a4a5] COMMAND GetUrl {
}
[1704882351.695][INFO]: Waiting for pending navigations...
[1704882351.698][INFO]: Done waiting for pending navigations. Status: ok
[1704882351.699][INFO]: Waiting for pending navigations...
[1704882351.700][INFO]: Done waiting for pending navigations. Status: ok
[1704882351.700][INFO]: [de7100d832a5888d2a253ef98600a4a5] RESPONSE GetUrl "https://leetcode.com/problems/two-sum/description/"
[1704882351.702][INFO]: [de7100d832a5888d2a253ef98600a4a5] COMMAND FindElement {
   "using": "xpath",
   "value": "//span[@id='navbar_user_avatar']"
}
[1704882351.702][INFO]: Waiting for pending navigations...
[1704882351.702][INFO]: Done waiting for pending navigations. Status: ok
[1704882351.708][INFO]: Waiting for pending navigations...
[1704882351.709][INFO]: Done waiting for pending navigations. Status: ok
[1704882351.709][INFO]: [de7100d832a5888d2a253ef98600a4a5] RESPONSE FindElement {
   "element-6066-11e4-a52e-4f735466cecf": "282970615E66A08CE39F8971485F3268_element_216"
}
[1704882351.710][INFO]: [de7100d832a5888d2a253ef98600a4a5] COMMAND ClickElement {
   "id": "282970615E66A08CE39F8971485F3268_element_216"
}
[1704882351.710][INFO]: Waiting for pending navigations...
[1704882351.711][INFO]: Done waiting for pending navigations. Status: ok
[1704882351.731][INFO]: Waiting for pending navigations...
[1704882351.750][INFO]: Done waiting for pending navigations. Status: ok
[1704882351.750][INFO]: [de7100d832a5888d2a253ef98600a4a5] RESPONSE ClickElement
[1704882351.753][INFO]: [de7100d832a5888d2a253ef98600a4a5] COMMAND FindElement {
   "using": "xpath",
   "value": "//div[text()='Sign Out']"
}
[1704882351.753][INFO]: Waiting for pending navigations...
[1704882351.753][INFO]: Done waiting for pending navigations. Status: ok
[1704882351.760][INFO]: Waiting for pending navigations...
[1704882351.760][INFO]: Done waiting for pending navigations. Status: ok
[1704882351.760][INFO]: [de7100d832a5888d2a253ef98600a4a5] RESPONSE FindElement {
   "element-6066-11e4-a52e-4f735466cecf": "282970615E66A08CE39F8971485F3268_element_217"
}
[1704882351.763][INFO]: [de7100d832a5888d2a253ef98600a4a5] COMMAND ClickElement {
   "id": "282970615E66A08CE39F8971485F3268_element_217"
}
[1704882351.763][INFO]: Waiting for pending navigations...
[1704882351.763][INFO]: Done waiting for pending navigations. Status: ok
[1704882351.790][INFO]: Waiting for pending navigations...
[1704882351.792][INFO]: Done waiting for pending navigations. Status: ok
[1704882351.792][INFO]: [de7100d832a5888d2a253ef98600a4a5] RESPONSE ClickElement
[1704882366.795][INFO]: [de7100d832a5888d2a253ef98600a4a5] COMMAND FindElement {
   "using": "css selector",
   "value": "#submissions_tab"
}
[1704882366.795][INFO]: Waiting for pending navigations...
[1704882366.796][INFO]: Done waiting for pending navigations. Status: ok
[1704882366.802][INFO]: Waiting for pending navigations...
[1704882366.803][INFO]: Done waiting for pending navigations. Status: ok
[1704882366.803][INFO]: [de7100d832a5888d2a253ef98600a4a5] RESPONSE FindElement {
   "element-6066-11e4-a52e-4f735466cecf": "D8C494D08C5A108245CBD95456F492B1_element_260"
}
[1704882366.805][INFO]: [de7100d832a5888d2a253ef98600a4a5] COMMAND ClickElement {
   "id": "D8C494D08C5A108245CBD95456F492B1_element_260"
}
[1704882366.805][INFO]: Waiting for pending navigations...
[1704882366.805][INFO]: Done waiting for pending navigations. Status: ok
[1704882366.839][INFO]: Waiting for pending navigations...
[1704882366.860][INFO]: Done waiting for pending navigations. Status: ok
[1704882366.860][INFO]: [de7100d832a5888d2a253ef98600a4a5] RESPONSE ClickElement
[1704882370.872][INFO]: [de7100d832a5888d2a253ef98600a4a5] COMMAND FindElement {
   "using": "xpath",
   "value": "//a[@href='/accounts/login/?next=%2Fproblems%2Ftwo-sum%2Fsubmissions%2F']"
}
[1704882370.872][INFO]: Waiting for pending navigations...
[1704882370.873][INFO]: Done waiting for pending navigations. Status: ok
[1704882370.880][INFO]: Waiting for pending navigations...
[1704882370.881][INFO]: Done waiting for pending navigations. Status: ok
[1704882370.881][INFO]: [de7100d832a5888d2a253ef98600a4a5] RESPONSE FindElement {
   "element-6066-11e4-a52e-4f735466cecf": "D8C494D08C5A108245CBD95456F492B1_element_261"
}
[1704882370.883][INFO]: [de7100d832a5888d2a253ef98600a4a5] COMMAND GetElementText {
   "id": "D8C494D08C5A108245CBD95456F492B1_element_261"
}
[1704882370.884][INFO]: Waiting for pending navigations...
[1704882370.884][INFO]: Done waiting for pending navigations. Status: ok
[1704882370.890][INFO]: Waiting for pending navigations...
[1704882370.890][INFO]: Done waiting for pending navigations. Status: ok
[1704882370.890][INFO]: [de7100d832a5888d2a253ef98600a4a5] RESPONSE GetElementText "Register or Sign In"
[1704882370.892][INFO]: [de7100d832a5888d2a253ef98600a4a5] COMMAND CloseWindow {
}
[1704882370.978][INFO]: [de7100d832a5888d2a253ef98600a4a5] RESPONSE CloseWindow [  ]
